MIG: 10:41:41 : Running customizer.xit
MIG: 10:41:41 : ################# RUNNING MIG INTERACTIVE ###################
MIG: 10:41:41 : Writing IN file for 'mig_7series_0'...compDirPath: d:/Xilinx/Vivado/2016.2/data/ip/xilinx/mig_7series_v4_0... instDirPath: c:/Users/shunf/AppData/Roaming/Xilinx/Vivado/.Xil/Vivado-15324-SHUN-LAPTOP/coregen/mig_7series_0
MIG: 10:41:41 : synp_flow:  -- synthesis_mode: Other
MIG: 10:41:41 : outputDirectory: c:/Users/shunf/AppData/Roaming/Xilinx/Vivado/.Xil/Vivado-15324-SHUN-LAPTOP/coregen/mig_7series_0/_tmp/
MIG: 10:41:41 : vivado_mode: xpg_pa
MIG: 10:41:41 :  locked false  
MIG: 10:41:41 : HDL Language: Verilog
MIG: 10:41:41 : compInfo: true
MIG: 10:41:41 : relative mig path: coregen/ip/xilinx/other/com/xilinx/ip/mig_7series_v4_0/bin/nt64/mig.exe
MIG: 10:41:41 : xilinx_path: D:/Xilinx/Vivado/2016.2/ids_lite/ISE
MIG: 10:41:41 : I am in catch area
MIG: 10:41:41 : Running D:/Xilinx/Vivado/2016.2/ids_lite/ISE/coregen/ip/xilinx/other/com/xilinx/ip/mig_7series_v4_0/bin/nt64/mig.exe -cg_exc_inp c:/Users/shunf/AppData/Roaming/Xilinx/Vivado/.Xil/Vivado-15324-SHUN-LAPTOP/coregen/mig_7series_0/xil_txt.in -cg_exc_out c:/Users/shunf/AppData/Roaming/Xilinx/Vivado/.Xil/Vivado-15324-SHUN-LAPTOP/coregen/mig_7series_0/xil_txt.out ... 
MIG: 13:00:39 : Prasad before: xmlPropertyPrj --  .prj
MIG: 13:00:39 : Prasad After: xmlPropertyPrj -- mig_a.prj
MIG: 13:00:39 : XML_INPUT_FILE: c:/Users/shunf/AppData/Roaming/Xilinx/Vivado/.Xil/Vivado-15324-SHUN-LAPTOP/coregen/mig_7series_0/mig_a.prj
MIG: 13:00:39 : Component_Name: mig_7series_ddr
MIG: 13:00:39 : Moving mig_7series_ddr ...
MIG: 13:00:39 : Moving mig_7series_ddr.veo ...
MIG: 13:00:39 : Moving mig_7series_ddr_xmdf.tcl ...
MIG: 13:00:39 : Sending back 0
MIG: 13:00:42 : xml_input_file: mig_a.prj
MIG: 13:00:43 : Absolute path of xml_input_file: d:/Documents/Vivado_Projects/FinalProject/FinalProject.srcs/sources_1/ip/mig_7series_ddr/mig_a.prj
MIG: 13:00:43 : xml_input_file: mig_a.prj
MIG: 13:00:43 : Absolute path of xml_input_file: d:/Documents/Vivado_Projects/FinalProject/FinalProject.srcs/sources_1/ip/mig_7series_ddr/mig_a.prj
MIG: 13:00:43 : In updateAllModelParams
MIG: 13:00:43 : IGN:     <ModuleName>mig_7series_ddr</ModuleName> <==>     <ModuleName>mig_7series_ddr</ModuleName> 
MIG: 13:00:43 : IGN:         <InputClkFreq>324.991</InputClkFreq> <==>         <InputClkFreq>324.991</InputClkFreq> 
MIG: 13:00:43 : XGUI hdlLanguage: Verilog
MIG: 13:00:43 : xgui vivado_mode: xpg_pa
MIG: 13:00:43 : xgui hdlLanguage: Verilog -- hdlExt: v
MIG: 13:00:43 : Reading D:/Documents/Vivado_Projects/FinalProject/FinalProject.srcs/sources_1/ip/mig_7series_ddr/mig_7series_ddr/user_design/rtl/mig_7series_ddr_mig.v ...
MIG: 13:00:43 : 1
MIG: 13:00:43 : Inside fn mem: DDR2
MIG: 13:00:43 : QDRII+ Inside fn ui: 81000000
MIG: 13:00:43 : cntrl:  memtype: DDR2
MIG: 13:00:43 : 1200
MIG: 13:00:43 :  MMCM_VCO single ctrl param_name: MMCM_VCO --  possibleMaxVcoVal: 1200 
MIG: 13:00:43 : DDR2
MIG: 13:00:43 : 
MIG: 13:00:43 : 81000000
MIG: 13:00:43 : 
MIG: 13:00:43 :  polarity_value: 1
MIG: 13:00:43 : 
MIG: 13:00:43 : 
MIG: 13:00:43 : cntrl:  memtype: DDR2
MIG: 13:00:43 :  Invalid Param: DDR2_RST_ACT_LOW ==> 1
MIG: 13:00:43 : 
MIG: 13:00:43 :  Valid Param: DDR2_BANK_WIDTH ==> 3
MIG: 13:00:43 : 
MIG: 13:00:43 :  Valid Param: DDR2_CK_WIDTH ==> 1
MIG: 13:00:43 :  Invalid Param: DDR2_COL_WIDTH ==> 10
MIG: 13:00:43 : 
MIG: 13:00:43 :  Valid Param: DDR2_CS_WIDTH ==> 1
MIG: 13:00:43 : 
MIG: 13:00:43 :  Valid Param: DDR2_nCS_PER_RANK ==> 1
MIG: 13:00:43 : 
MIG: 13:00:43 :  Valid Param: DDR2_CKE_WIDTH ==> 1
MIG: 13:00:43 :  Invalid Param: DDR2_DATA_BUF_ADDR_WIDTH ==> 5
MIG: 13:00:43 :  Invalid Param: DDR2_DQ_CNT_WIDTH ==> 4
MIG: 13:00:43 :  Invalid Param: DDR2_DQ_PER_DM ==> 8
MIG: 13:00:43 : 2
MIG: 13:00:43 :  Valid Param: DDR2_DM_WIDTH ==> 2
MIG: 13:00:43 : 16
MIG: 13:00:43 :  Valid Param: DDR2_DQ_WIDTH ==> 16
MIG: 13:00:43 : 2
MIG: 13:00:43 :  Valid Param: DDR2_DQS_WIDTH ==> 2
MIG: 13:00:43 : 
MIG: 13:00:43 :  Valid Param: DDR2_DQS_CNT_WIDTH ==> 1
MIG: 13:00:43 :  Invalid Param: DDR2_DRAM_WIDTH ==> 8
MIG: 13:00:43 : 
MIG: 13:00:43 :  Valid Param: ECC ==> OFF
MIG: 13:00:43 : 16
MIG: 13:00:43 :  Valid Param: DDR2_DATA_WIDTH ==> 16
MIG: 13:00:43 :  Invalid Param: ECC_TEST ==> "OFF"
MIG: 13:00:43 :  Invalid Param: DDR2_PAYLOAD_WIDTH ==> (ECC_TEST == "OFF") ? DATA_WIDTH : DQ_WIDTH
MIG: 13:00:43 :  Invalid Param: DDR2_MEM_ADDR_ORDER ==> "BANK_ROW_COLUMN"
MIG: 13:00:43 :  Invalid Param: DDR2_nBANK_MACHS ==> 4
MIG: 13:00:43 :  Invalid Param: DDR2_RANKS ==> 1
MIG: 13:00:43 : 
MIG: 13:00:43 :  Valid Param: DDR2_ODT_WIDTH ==> 1
MIG: 13:00:43 : 13
MIG: 13:00:43 :  Valid Param: DDR2_ROW_WIDTH ==> 13
MIG: 13:00:43 : 27
MIG: 13:00:43 :  Valid Param: DDR2_ADDR_WIDTH ==> 27
MIG: 13:00:43 : 
MIG: 13:00:43 :  Valid Param: DDR2_USE_CS_PORT ==> 1
MIG: 13:00:43 : 
MIG: 13:00:43 :  Valid Param: DDR2_USE_DM_PORT ==> 1
MIG: 13:00:43 : 
MIG: 13:00:43 :  Valid Param: DDR2_USE_ODT_PORT ==> 1
MIG: 13:00:43 :  Invalid Param: DDR2_PHY_CONTROL_MASTER_BANK ==> 0
MIG: 13:00:43 :  Invalid Param: DDR2_MEM_DENSITY ==> "1Gb"
MIG: 13:00:43 :  Invalid Param: DDR2_MEM_SPEEDGRADE ==> "25E"
MIG: 13:00:43 :  Invalid Param: DDR2_MEM_DEVICE_WIDTH ==> 16
MIG: 13:00:43 :  Invalid Param: DDR2_AL ==> "0"
MIG: 13:00:43 :  Invalid Param: DDR2_nAL ==> 0
MIG: 13:00:43 :  Invalid Param: DDR2_BURST_MODE ==> "8"
MIG: 13:00:43 :  Invalid Param: DDR2_BURST_TYPE ==> "SEQ"
MIG: 13:00:43 :  Invalid Param: DDR2_CL ==> 5
MIG: 13:00:43 :  Invalid Param: DDR2_OUTPUT_DRV ==> "HIGH"
MIG: 13:00:43 :  Invalid Param: DDR2_RTT_NOM ==> "50"
MIG: 13:00:43 :  Invalid Param: DDR2_ADDR_CMD_MODE ==> "1T"
MIG: 13:00:43 : 
MIG: 13:00:43 :  Valid Param: DDR2_REG_CTRL ==> OFF
MIG: 13:00:43 :  Invalid Param: DDR2_CLKIN_PERIOD ==> 3077
MIG: 13:00:43 :  Invalid Param: DDR2_CLKFBOUT_MULT ==> 4
MIG: 13:00:43 :  Invalid Param: DDR2_DIVCLK_DIVIDE ==> 1
MIG: 13:00:43 :  Invalid Param: DDR2_CLKOUT0_PHASE ==> 0.0
MIG: 13:00:43 :  Invalid Param: DDR2_CLKOUT0_DIVIDE ==> 2
MIG: 13:00:43 :  Invalid Param: DDR2_CLKOUT1_DIVIDE ==> 4
MIG: 13:00:43 :  Invalid Param: DDR2_CLKOUT2_DIVIDE ==> 64
MIG: 13:00:43 :  Invalid Param: DDR2_CLKOUT3_DIVIDE ==> 16
MIG: 13:00:43 :  Invalid Param: DDR2_MMCM_VCO ==> 1200
MIG: 13:00:43 :  Invalid Param: DDR2_MMCM_MULT_F ==> 14
MIG: 13:00:43 :  Invalid Param: DDR2_MMCM_DIVCLK_DIVIDE ==> 1
MIG: 13:00:43 :  Invalid Param: DDR2_tCKE ==> 7500
MIG: 13:00:43 :  Invalid Param: DDR2_tFAW ==> 45000
MIG: 13:00:43 :  Invalid Param: DDR2_tPRDI ==> 1_000_000
MIG: 13:00:43 :  Invalid Param: DDR2_tRAS ==> 40000
MIG: 13:00:43 :  Invalid Param: DDR2_tRCD ==> 15000
MIG: 13:00:43 :  Invalid Param: DDR2_tREFI ==> 7800000
MIG: 13:00:43 :  Invalid Param: DDR2_tRFC ==> 127500
MIG: 13:00:43 :  Invalid Param: DDR2_tRP ==> 12500
MIG: 13:00:43 :  Invalid Param: DDR2_tRRD ==> 10000
MIG: 13:00:43 :  Invalid Param: DDR2_tRTP ==> 7500
MIG: 13:00:43 :  Invalid Param: DDR2_tWTR ==> 7500
MIG: 13:00:43 :  Invalid Param: DDR2_tZQI ==> 128_000_000
MIG: 13:00:43 :  Invalid Param: DDR2_tZQCS ==> 64
MIG: 13:00:43 :  Invalid Param: DDR2_SIM_BYPASS_INIT_CAL ==> "OFF"
MIG: 13:00:43 :  Invalid Param: DDR2_SIMULATION ==> "FALSE"
MIG: 13:00:43 :  Invalid Param: DDR2_BYTE_LANES_B0 ==> 4'b1111
MIG: 13:00:43 :  Invalid Param: DDR2_BYTE_LANES_B1 ==> 4'b0000
MIG: 13:00:43 :  Invalid Param: DDR2_BYTE_LANES_B2 ==> 4'b0000
MIG: 13:00:43 :  Invalid Param: DDR2_BYTE_LANES_B3 ==> 4'b0000
MIG: 13:00:43 :  Invalid Param: DDR2_BYTE_LANES_B4 ==> 4'b0000
MIG: 13:00:43 :  Invalid Param: DDR2_DATA_CTL_B0 ==> 4'b0101
MIG: 13:00:43 :  Invalid Param: DDR2_DATA_CTL_B1 ==> 4'b0000
MIG: 13:00:43 :  Invalid Param: DDR2_DATA_CTL_B2 ==> 4'b0000
MIG: 13:00:43 :  Invalid Param: DDR2_DATA_CTL_B3 ==> 4'b0000
MIG: 13:00:43 :  Invalid Param: DDR2_DATA_CTL_B4 ==> 4'b0000
MIG: 13:00:43 :  Invalid Param: DDR2_PHY_0_BITLANES ==> 48'hFFC_3F7_FFF_3FE
MIG: 13:00:43 :  Invalid Param: DDR2_PHY_1_BITLANES ==> 48'h000_000_000_000
MIG: 13:00:43 :  Invalid Param: DDR2_PHY_2_BITLANES ==> 48'h000_000_000_000
MIG: 13:00:43 :  Invalid Param: DDR2_CK_BYTE_MAP ==> 144'h00_00_00_00_00_00_00_00_00_00_00_00_00_00_00_00_00_03
MIG: 13:00:43 :  Invalid Param: DDR2_ADDR_MAP ==> 192'h000_000_000_010_033_01A_019_032_03A_034_018_036_012_011_017_015
MIG: 13:00:43 :  Invalid Param: DDR2_BANK_MAP ==> 36'h013_016_01B
MIG: 13:00:43 :  Invalid Param: DDR2_CAS_MAP ==> 12'h039
MIG: 13:00:43 :  Invalid Param: DDR2_CKE_ODT_BYTE_MAP ==> 8'h00
MIG: 13:00:43 :  Invalid Param: DDR2_CKE_MAP ==> 96'h000_000_000_000_000_000_000_038
MIG: 13:00:43 :  Invalid Param: DDR2_ODT_MAP ==> 96'h000_000_000_000_000_000_000_035
MIG: 13:00:44 :  Invalid Param: DDR2_CS_MAP ==> 120'h000_000_000_000_000_000_000_000_000_037
MIG: 13:00:44 :  Invalid Param: DDR2_PARITY_MAP ==> 12'h000
MIG: 13:00:44 :  Invalid Param: DDR2_RAS_MAP ==> 12'h014
MIG: 13:00:44 :  Invalid Param: DDR2_WE_MAP ==> 12'h03B
MIG: 13:00:44 :  Invalid Param: DDR2_DQS_BYTE_MAP ==> 144'h00_00_00_00_00_00_00_00_00_00_00_00_00_00_00_00_02_00
MIG: 13:00:44 :  Invalid Param: DDR2_DATA0_MAP ==> 96'h008_004_009_007_005_001_006_003
MIG: 13:00:44 :  Invalid Param: DDR2_DATA1_MAP ==> 96'h022_028_020_024_027_025_026_021
MIG: 13:00:44 :  Invalid Param: DDR2_DATA2_MAP ==> 96'h000_000_000_000_000_000_000_000
MIG: 13:00:44 :  Invalid Param: DDR2_DATA3_MAP ==> 96'h000_000_000_000_000_000_000_000
MIG: 13:00:44 :  Invalid Param: DDR2_DATA4_MAP ==> 96'h000_000_000_000_000_000_000_000
MIG: 13:00:44 :  Invalid Param: DDR2_DATA5_MAP ==> 96'h000_000_000_000_000_000_000_000
MIG: 13:00:44 :  Invalid Param: DDR2_DATA6_MAP ==> 96'h000_000_000_000_000_000_000_000
MIG: 13:00:44 :  Invalid Param: DDR2_DATA7_MAP ==> 96'h000_000_000_000_000_000_000_000
MIG: 13:00:44 :  Invalid Param: DDR2_DATA8_MAP ==> 96'h000_000_000_000_000_000_000_000
MIG: 13:00:44 :  Invalid Param: DDR2_DATA9_MAP ==> 96'h000_000_000_000_000_000_000_000
MIG: 13:00:44 :  Invalid Param: DDR2_DATA10_MAP ==> 96'h000_000_000_000_000_000_000_000
MIG: 13:00:44 :  Invalid Param: DDR2_DATA11_MAP ==> 96'h000_000_000_000_000_000_000_000
MIG: 13:00:44 :  Invalid Param: DDR2_DATA12_MAP ==> 96'h000_000_000_000_000_000_000_000
MIG: 13:00:44 :  Invalid Param: DDR2_DATA13_MAP ==> 96'h000_000_000_000_000_000_000_000
MIG: 13:00:44 :  Invalid Param: DDR2_DATA14_MAP ==> 96'h000_000_000_000_000_000_000_000
MIG: 13:00:44 :  Invalid Param: DDR2_DATA15_MAP ==> 96'h000_000_000_000_000_000_000_000
MIG: 13:00:44 :  Invalid Param: DDR2_DATA16_MAP ==> 96'h000_000_000_000_000_000_000_000
MIG: 13:00:44 :  Invalid Param: DDR2_DATA17_MAP ==> 96'h000_000_000_000_000_000_000_000
MIG: 13:00:44 :  Invalid Param: DDR2_MASK0_MAP ==> 108'h000_000_000_000_000_000_000_029_002
MIG: 13:00:44 :  Invalid Param: DDR2_MASK1_MAP ==> 108'h000_000_000_000_000_000_000_000_000
MIG: 13:00:44 :  Invalid Param: DDR2_SLOT_0_CONFIG ==> 8'b0000_0001
MIG: 13:00:44 :  Invalid Param: DDR2_SLOT_1_CONFIG ==> 8'b0000_0000
MIG: 13:00:44 :  Invalid Param: DDR2_IBUF_LPWR_MODE ==> "OFF"
MIG: 13:00:44 :  Invalid Param: DDR2_DATA_IO_IDLE_PWRDWN ==> "ON"
MIG: 13:00:44 :  Invalid Param: DDR2_BANK_TYPE ==> "HR_IO"
MIG: 13:00:44 :  Invalid Param: DDR2_DATA_IO_PRIM_TYPE ==> "HR_LP"
MIG: 13:00:44 :  Invalid Param: DDR2_CKE_ODT_AUX ==> "FALSE"
MIG: 13:00:44 :  Invalid Param: DDR2_USER_REFRESH ==> "OFF"
MIG: 13:00:44 :  Invalid Param: DDR2_WRLVL ==> "OFF"
MIG: 13:00:44 :  Invalid Param: DDR2_ORDERING ==> "NORM"
MIG: 13:00:44 :  Invalid Param: DDR2_CALIB_ROW_ADD ==> 16'h0000
MIG: 13:00:44 :  Invalid Param: DDR2_CALIB_COL_ADD ==> 12'h000
MIG: 13:00:44 :  Invalid Param: DDR2_CALIB_BA_ADD ==> 3'h0
MIG: 13:00:44 :  Invalid Param: DDR2_TCQ ==> 100
MIG: 13:00:44 :  Invalid Param: DDR2_IODELAY_GRP0 ==> "MIG_7SERIES_DDR_IODELAY_MIG0"
MIG: 13:00:44 :  Invalid Param: DDR2_SYSCLK_TYPE ==> "DIFFERENTIAL"
MIG: 13:00:44 :  Invalid Param: DDR2_REFCLK_TYPE ==> "NO_BUFFER"
MIG: 13:00:44 :  Invalid Param: DDR2_SYS_RST_PORT ==> "FALSE"
MIG: 13:00:44 :  Invalid Param: DDR2_CMD_PIPE_PLUS1 ==> "ON"
MIG: 13:00:44 :  Invalid Param: DDR2_DRAM_TYPE ==> "DDR2"
MIG: 13:00:44 :  Invalid Param: DDR2_CAL_WIDTH ==> "HALF"
MIG: 13:00:44 :  Invalid Param: DDR2_STARVE_LIMIT ==> 2
MIG: 13:00:44 :  Invalid Param: DDR2_REFCLK_FREQ ==> 200.0
MIG: 13:00:44 :  Invalid Param: DDR2_DIFF_TERM_REFCLK ==> "TRUE"
MIG: 13:00:44 :  Invalid Param: DDR2_tCK ==> 3077
MIG: 13:00:44 : 4
MIG: 13:00:44 :  Valid Param: DDR2_nCK_PER_CLK ==> 4
MIG: 13:00:44 :  Invalid Param: DDR2_DIFF_TERM_SYSCLK ==> "TRUE"
MIG: 13:00:44 : 
MIG: 13:00:44 :  Valid Param: DDR2_DEBUG_PORT ==> OFF
MIG: 13:00:44 : 
MIG: 13:00:44 :  Invalid Param: DDR2_TEMP_MON_CONTROL ==> "INTERNAL"
MIG: 13:00:44 : 
MIG: 13:00:44 : NOBUF
MIG: 13:00:44 : 
MIG: 13:00:44 : Same Interface
MIG: 13:00:52 : Running synthesis.xit
MIG: 13:00:52 : IGN:     <ModuleName>mig_7series_ddr</ModuleName> <==>     <ModuleName>mig_7series_ddr</ModuleName> 
MIG: 13:00:52 : IGN:         <InputClkFreq>324.991</InputClkFreq> <==>         <InputClkFreq>324.991</InputClkFreq> 
MIG: 13:00:52 : Running vlog_synth_rpr.xit
MIG: 13:00:52 : IGN:     <ModuleName>mig_7series_ddr</ModuleName> <==>     <ModuleName>mig_7series_ddr</ModuleName> 
MIG: 13:00:52 : IGN:         <InputClkFreq>324.991</InputClkFreq> <==>         <InputClkFreq>324.991</InputClkFreq> 
MIG: 13:00:53 : Running simulation.xit
MIG: 13:00:53 : IGN:     <ModuleName>mig_7series_ddr</ModuleName> <==>     <ModuleName>mig_7series_ddr</ModuleName> 
MIG: 13:00:53 : IGN:         <InputClkFreq>324.991</InputClkFreq> <==>         <InputClkFreq>324.991</InputClkFreq> 
MIG: 13:00:53 : Running vlog_sim_rpr.xit .. PRASAD DBG1
MIG: 13:00:53 : IGN:     <ModuleName>mig_7series_ddr</ModuleName> <==>     <ModuleName>mig_7series_ddr</ModuleName> 
MIG: 13:00:53 : IGN:         <InputClkFreq>324.991</InputClkFreq> <==>         <InputClkFreq>324.991</InputClkFreq> 
MIG: 13:00:53 : Running implementation.xit
MIG: 13:00:53 : IGN:     <ModuleName>mig_7series_ddr</ModuleName> <==>     <ModuleName>mig_7series_ddr</ModuleName> 
MIG: 13:00:53 : IGN:         <InputClkFreq>324.991</InputClkFreq> <==>         <InputClkFreq>324.991</InputClkFreq> 
MIG: 17:29:39 : xml_input_file: mig_a.prj
MIG: 17:29:39 : Absolute path of xml_input_file: d:/Documents/Vivado_Projects/FinalProject/FinalProject.srcs/sources_1/ip/mig_7series_ddr/mig_a.prj
MIG: 17:29:39 : xml_input_file: mig_a.prj
MIG: 17:29:39 : Absolute path of xml_input_file: d:/Documents/Vivado_Projects/FinalProject/FinalProject.srcs/sources_1/ip/mig_7series_ddr/mig_a.prj
MIG: 19:32:41 : xml_input_file: mig_a.prj
MIG: 19:32:41 : Absolute path of xml_input_file: d:/Documents/Vivado_Projects/FinalProject/FinalProject.srcs/sources_1/ip/mig_7series_ddr/mig_a.prj
MIG: 19:32:41 : xml_input_file: mig_a.prj
MIG: 19:32:41 : Absolute path of xml_input_file: d:/Documents/Vivado_Projects/FinalProject/FinalProject.srcs/sources_1/ip/mig_7series_ddr/mig_a.prj
MIG: 17:02:33 : xml_input_file: mig_a.prj
MIG: 17:02:33 : Absolute path of xml_input_file: d:/Documents/Vivado_Projects/FinalProject/FinalProject.srcs/sources_1/ip/mig_7series_ddr/mig_a.prj
MIG: 17:02:33 : xml_input_file: mig_a.prj
MIG: 17:02:33 : Absolute path of xml_input_file: d:/Documents/Vivado_Projects/FinalProject/FinalProject.srcs/sources_1/ip/mig_7series_ddr/mig_a.prj
